<?xml version="1.0" encoding="UTF-8"?>
<!-- Generated by org.testng.reporters.JUnitReportReporter -->
<testsuite name="com.acti.testcase.CreateCustomer" tests="1" time="14.727" ignored="0" failures="0" timestamp="24 Feb 2022 18:59:05 GMT" skipped="0" hostname="9707ALADMN027" errors="0">
  <testcase name="testCreateCustomer" time="14.727" classname="com.acti.testcase.CreateCustomer"/>
</testsuite> <!-- com.acti.testcase.CreateCustomer -->
