<?xml version="1.0" encoding="UTF-8"?>
<!-- Generated by org.testng.reporters.JUnitReportReporter -->
<testsuite name="com.acti.base.DriverScript" tests="1" time="5.085" ignored="0" failures="0" timestamp="07 Feb 2022 15:03:01 GMT" skipped="0" hostname="9707ALADMN027" errors="0">
  <testcase name="initApplication" time="5.085" classname="com.acti.base.DriverScript"/>
</testsuite> <!-- com.acti.base.DriverScript -->
