<?xml version="1.0" encoding="UTF-8"?>
<!-- Generated by org.testng.reporters.JUnitReportReporter -->
<testsuite name="com.acti.testcase.LoginPageTests" tests="3" time="14.339" ignored="0" failures="0" timestamp="11 Feb 2022 16:43:36 GMT" skipped="0" hostname="9707ALADMN027" errors="0">
  <testcase name="testValidateActiLogo" time="5.529" classname="com.acti.testcase.LoginPageTests"/>
  <testcase name="testLoginFunction" time="5.436" classname="com.acti.testcase.LoginPageTests"/>
  <testcase name="testValidateLoginPageDisplayed" time="3.374" classname="com.acti.testcase.LoginPageTests"/>
</testsuite> <!-- com.acti.testcase.LoginPageTests -->
